==============================================================================================================
                                                Iniciando EDA                                                 
==============================================================================================================
----> Configurando opções globais
----> Carregando dados
----> Dataset carregado com 129430 linhas e 103 colunas
----> Removendo colunas
----> Dataset final com 129430 linhas e 12 colunas
----> Ordenando por evento e time_to_tca
----> Atualizando index (event_id, time_to_tca)
==============================================================================================================
                                          Características do dataset                                          
==============================================================================================================
-------------------------------------------------------
                   Primeiras linhas                    
-------------------------------------------------------
                                       risk  c_time_lastob_end  c_time_lastob_start  miss_distance  relative_position_n  c_cd_area_over_mass  c_cr_area_over_mass  c_sedr  c_obs_used   c_sigma_t
event_id time_to_tca                                                                                                                                                                             
2        6 days 23:36:12.111999998 -10.8162                2.0                180.0        22902.0              21986.3               0.8143               0.5644  0.0007        15.0  38173.4332
         6 days 16:35:55.148999997 -10.8505                2.0                180.0        22966.0              22046.3               0.8143               0.5644  0.0007        15.0  38098.3464
         6 days 06:28:46.204999996 -30.0000                0.0                  1.0        18785.0              18044.8               0.8500               0.4761  0.0007        15.0   2521.6043
         6 days 01:00:59.223999997 -30.0000                0.0                  1.0        18842.0              18099.4               0.8500               0.4761  0.0007        15.0   6720.2284
         5 days 17:04:52.259999998 -30.0000                0.0                  1.0        19015.0              18264.8               0.8500               0.4761  0.0007        15.0   6617.4187
-------------------------------------------------------
                    Tipos de dados                     
-------------------------------------------------------
                        Tipo Classificação
risk                 float64      Contínua
c_time_lastob_end    float64      Contínua
c_time_lastob_start  float64      Contínua
miss_distance        float64      Contínua
relative_position_n  float64      Contínua
c_cd_area_over_mass  float64      Contínua
c_cr_area_over_mass  float64      Contínua
c_sedr               float64      Contínua
c_obs_used           float64      Contínua
c_sigma_t            float64      Contínua
-------------------------------------------------------
          Estatísticas descritivas (Dataset)           
-------------------------------------------------------
                            mean         std         min        25%         50%         75%         max
c_cd_area_over_mass       0.8020  2.4708e+00   -128.1786     0.1820      0.4430      0.6986  1.4791e+02
c_cr_area_over_mass       0.3552  1.0130e+00     -0.7121     0.0538      0.1830      0.3074  5.9155e+01
c_obs_used               59.1907  8.5985e+01      3.0000    21.0000     30.0000     57.0000  2.2270e+03
c_sedr                    0.0030  1.4768e-02     -0.1073     0.0003      0.0007      0.0016  7.2089e-01
c_sigma_t            988351.2123  7.7649e+06      4.9763  1029.1538   3983.8229  13887.3364  7.6549e+07
c_time_lastob_end         0.5903  8.2367e-01      0.0000     0.0000      0.0000      1.0000  2.0000e+00
c_time_lastob_start      40.2275  7.3862e+01      1.0000     1.0000      1.0000      2.0000  1.8000e+02
miss_distance         16670.9853  1.4311e+04      9.0000  4792.0000  12629.5000  25388.7500  6.7373e+04
relative_position_n     170.8798  1.6155e+04 -50995.5000 -7002.2250     82.6000   7566.0000  5.0997e+04
risk                    -19.3499  1.0022e+01    -30.0000   -30.0000    -17.9110     -9.1255 -1.5459e+00
==============================================================================================================
                                             Qualidade dos dados                                              
==============================================================================================================
-------------------------------------------------------
                     Valores nulos                     
-------------------------------------------------------
                     Qtd. Nulos
risk                          0
c_time_lastob_end            10
c_time_lastob_start          10
miss_distance                 0
relative_position_n           0
c_cd_area_over_mass           0
c_cr_area_over_mass           0
c_sedr                        0
c_obs_used                   10
c_sigma_t                    10
-------------------------------------------------------
                   Valores infinitos                   
-------------------------------------------------------
                     Infinitos (+)  Infinitos (-)
risk                             0              0
c_time_lastob_end                0              0
c_time_lastob_start              0              0
miss_distance                    0              0
relative_position_n              0              0
c_cd_area_over_mass              0              0
c_cr_area_over_mass              0              0
c_sedr                           0              0
c_obs_used                       0              0
c_sigma_t                        0              0
==============================================================================================================
                                         Características dos eventos                                          
==============================================================================================================
-------------------------------------------------------
                 Quantidade de eventos                 
-------------------------------------------------------
Total de eventos: 10524
-------------------------------------------------------
  Quantidade de observações por quantidade de eventos  
-------------------------------------------------------
                  Qtd. Eventos        %
Qtd. Observações                       
23                           2   0.0190
22                         149   1.4158
21                        2240  21.2847
20                        1238  11.7636
19                         380   3.6108
18                         196   1.8624
17                         173   1.6439
16                         201   1.9099
15                         218   2.0715
14                         209   1.9859
13                         215   2.0429
12                         250   2.3755
11                         232   2.2045
10                         238   2.2615
9                          307   2.9171
8                          264   2.5086
7                          479   4.5515
6                          493   4.6845
5                          477   4.5325
4                          571   5.4257
3                          827   7.8582
2                          977   9.2835
1                          188   1.7864
-------------------------------------------------------
Estatísticas descritivas (Quantidade de observações por evento)
-------------------------------------------------------
                     mean    std  min  25%   50%   75%   max
Qtd. Observações  12.2986  7.528  1.0  5.0  12.0  20.0  23.0
==============================================================================================================
                                           Características do risco                                           
==============================================================================================================
-------------------------------------------------------
      Quantidade de eventos de alto e baixo risco      
-------------------------------------------------------
                Alto Risco     % A.  Baixo Risco     % B.
Primeira obs.         1060  10.2554         9276  89.7446
Penúltima obs.         353   3.4152         9983  96.5848
Última obs.            280   2.7090        10056  97.2910
-------------------------------------------------------
    Distribuição do Último Risco por Faixa de Tempo    
-------------------------------------------------------
                                    Alto Risco  Baixo Risco
time_to_tca                                                
[0 days 00:00:00, 1 days 00:00:00)          79         7204
[1 days 00:00:00, 2 days 00:00:00)          24          494
[2 days 00:00:00, 3 days 00:00:00)          29          390
[3 days 00:00:00, 4 days 00:00:00)          40          499
[4 days 00:00:00, 5 days 00:00:00)          44          586
[5 days 00:00:00, 6 days 00:00:00)          38          516
[6 days 00:00:00, 7 days 00:00:00)          32          244
-------------------------------------------------------
  Distribuição do Penúltimo Risco por Faixa de Tempo   
-------------------------------------------------------
                                    Alto Risco  Baixo Risco
time_to_tca                                                
[0 days 00:00:00, 1 days 00:00:00)          82         6618
[1 days 00:00:00, 2 days 00:00:00)          41          723
[2 days 00:00:00, 3 days 00:00:00)          28          456
[3 days 00:00:00, 4 days 00:00:00)          42          456
[4 days 00:00:00, 5 days 00:00:00)          48          555
[5 days 00:00:00, 6 days 00:00:00)          46          602
[6 days 00:00:00, 7 days 00:00:00)          66          573
-------------------------------------------------------
            Contagem de Oscilações por Dia             
-------------------------------------------------------
date                     0 days  1 days  2 days  3 days  4 days  5 days  6 days  7 days
Low → High → Low              7      10       9      14       4       0       0       0
High → Low → High             1       1       4       4       1       0       0       0
Low → High                    8      15      44      58      87      89      87       0
High → Low                   54     135     153     216     185     200     198       0
Última transição High         8       8      15       9      15      11      17       0
Última transição Low         54     134     150     210     176     185     178       0
Primeira transição High       5      11      37      45      70      79      87       0
Primeira transição Low       32      78      97     146     122     163     198       0
Total High                   73     129     242     337     486     588     685     703
Total Low                  7064    7316    7035    6771    6601    6388    6235    5093
==============================================================================================================
                                           Características do tempo                                           
==============================================================================================================
-------------------------------------------------------
Estatísticas descritivas (Diferenças de tempo média entre observações)
-------------------------------------------------------
                 Valor
mean -1 days +15:00:00
std    0 days 07:00:00
min  -7 days +02:00:00
25%  -1 days +15:00:00
50%  -1 days +16:00:00
75%  -1 days +17:00:00
max    0 days 00:00:00
-------------------------------------------------------
Estatísticas descritivas (Primeiro time_to_tca por evento)
-------------------------------------------------------
               Valor
mean 5 days 14:00:00
std  1 days 19:00:00
min  0 days 05:00:00
25%  4 days 18:00:00
50%  6 days 15:00:00
75%  6 days 19:00:00
max  7 days 00:00:00
-------------------------------------------------------
Estatísticas descritivas (Penúltimo time_to_tca por evento)
-------------------------------------------------------
               Valor
mean 1 days 17:00:00
std  2 days 00:00:00
min  0 days 00:00:00
25%  0 days 11:00:00
50%  0 days 14:00:00
75%  2 days 15:00:00
max  7 days 00:00:00
-------------------------------------------------------
Estatísticas descritivas (Último time_to_tca por evento)
-------------------------------------------------------
                 Valor
mean   1 days 06:00:00
std    1 days 21:00:00
min  -1 days +21:00:00
25%    0 days 03:00:00
50%    0 days 06:00:00
75%    1 days 15:00:00
max    6 days 18:00:00
-------------------------------------------------------
Estatísticas descritivas (Diferença entre último e primeiro time_to_tca por evento)
-------------------------------------------------------
                 Valor
mean -5 days +16:00:00
std    2 days 08:00:00
min  -7 days +00:00:00
25%  -7 days +09:00:00
50%  -6 days +23:00:00
75%  -2 days +00:00:00
max    0 days 00:00:00
-------------------------------------------------------
Estatísticas descritivas (Diferença entre último e penúltimo time_to_tca por evento)
-------------------------------------------------------
                 Valor
mean -1 days +12:00:00
std    0 days 15:00:00
min  -7 days +02:00:00
25%  -1 days +14:00:00
50%  -1 days +16:00:00
75%  -1 days +17:00:00
max    0 days 00:00:00
-------------------------------------------------------
Estatísticas descritivas (Diferença entre penúltimo e primeiro time_to_tca por evento)
-------------------------------------------------------
                 Valor
mean -4 days +04:00:00
std    2 days 11:00:00
min  -7 days +05:00:00
25%  -7 days +17:00:00
50%  -5 days +11:00:00
75%  -2 days +16:00:00
max    0 days 00:00:00
==============================================================================================================
                                  Distribuição de Eventos por Faixa de Tempo                                  
==============================================================================================================
                                    Primeira observação  Penúltima observação  Última observação
(0 days 00:00:00, 1 days 00:00:00]                  295                  6700               7130
(1 days 00:00:00, 2 days 00:00:00]                  496                   764                511
(2 days 00:00:00, 3 days 00:00:00]                  586                   484                414
(3 days 00:00:00, 4 days 00:00:00]                  629                   498                533
(4 days 00:00:00, 5 days 00:00:00]                  784                   603                625
(5 days 00:00:00, 6 days 00:00:00]                  857                   648                552
(6 days 00:00:00, 7 days 00:00:00]                 6689                   639                276
(7 days 00:00:00, 8 days 00:00:00]                    0                     0                  0
==============================================================================================================
                                              Valores Constantes                                              
==============================================================================================================
-------------------------------------------------------
             Valores constantes por evento             
-------------------------------------------------------
                     Qtd. Constantes
risk                          112855
c_time_lastob_end             127278
c_time_lastob_start           123319
miss_distance                   1320
relative_position_n             2674
c_cd_area_over_mass           127236
c_cr_area_over_mass           127274
c_sedr                        127288
c_obs_used                     97539
c_sigma_t                       6155
==============================================================================================================
                                                   Outliers                                                   
==============================================================================================================
-------------------------------------------------------
                  Outliers por evento                  
-------------------------------------------------------
                     Qtd. Outliers
risk                          1303
c_time_lastob_end             3144
c_time_lastob_start           3884
miss_distance                 1305
relative_position_n           1249
c_cd_area_over_mass            873
c_cr_area_over_mass           1131
c_sedr                         642
c_obs_used                    1169
c_sigma_t                      744
==============================================================================================================
                                                 ACF por Lag                                                  
==============================================================================================================
/home/nico/.pyenv/versions/3.12.6/lib/python3.12/site-packages/statsmodels/tsa/stattools.py:702: RuntimeWarning: invalid value encountered in divide
  acf = avf[: nlags + 1] / avf[0]
-------------------------------------------------------
          Estatísticas descritivas (ACF risk)          
-------------------------------------------------------
         mean     std     min     25%     50%     75%     max
Lag 0  1.0000  0.0000  1.0000  1.0000  1.0000  1.0000  1.0000
Lag 1  0.3720  0.4661 -0.7979 -0.0266  0.5120  0.7924  0.9545
Lag 2  0.2447  0.3825 -0.6661 -0.0635  0.2810  0.6181  0.9091
Lag 3  0.1619  0.3141 -0.6532 -0.0821  0.1642  0.4577  0.8636
Lag 4  0.0710  0.2543 -0.6000 -0.1071  0.0326  0.3053  0.8182
Lag 5  0.0005  0.1989 -0.6584 -0.1251 -0.0224  0.1659  0.7727
Lag 6 -0.0570  0.1562 -0.6299 -0.1429 -0.0529  0.0534  0.7273
/home/nico/.pyenv/versions/3.12.6/lib/python3.12/site-packages/statsmodels/tsa/stattools.py:702: RuntimeWarning: invalid value encountered in divide
  acf = avf[: nlags + 1] / avf[0]
-------------------------------------------------------
   Estatísticas descritivas (ACF c_time_lastob_end)    
-------------------------------------------------------
         mean     std     min     25%     50%     75%     max
Lag 0  1.0000  0.0000  1.0000  1.0000  1.0000  1.0000  1.0000
Lag 1  0.3580  0.3487 -0.8000  0.1103  0.4424  0.6389  0.8899
Lag 2  0.0896  0.3015 -0.7143 -0.1333  0.0286  0.3325  0.7778
Lag 3 -0.0359  0.2585 -0.8421 -0.2167 -0.0606  0.1429  0.6667
Lag 4 -0.0633  0.2008 -0.6129 -0.2000 -0.0754  0.0532  0.5327
Lag 5 -0.0940  0.1854 -0.5992 -0.2183 -0.0925  0.0071  0.5238
Lag 6 -0.1153  0.2000 -0.6619 -0.2467 -0.1071 -0.0143  0.6825
/home/nico/.pyenv/versions/3.12.6/lib/python3.12/site-packages/statsmodels/tsa/stattools.py:702: RuntimeWarning: invalid value encountered in divide
  acf = avf[: nlags + 1] / avf[0]
-------------------------------------------------------
  Estatísticas descritivas (ACF c_time_lastob_start)   
-------------------------------------------------------
         mean     std     min     25%     50%     75%     max
Lag 0  1.0000  0.0000  1.0000  1.0000  1.0000  1.0000  1.0000
Lag 1  0.3509  0.3701 -0.8000 -0.0111  0.4424  0.6582  0.8631
Lag 2  0.0992  0.3165 -0.7152 -0.1231 -0.0064  0.3614  0.7256
Lag 3 -0.0232  0.2640 -0.8421 -0.1942 -0.0605  0.1517  0.5881
Lag 4 -0.0559  0.1954 -0.6000 -0.1914 -0.0682  0.0095  0.5327
Lag 5 -0.0882  0.1744 -0.7497 -0.1836 -0.0805 -0.0133  0.5238
Lag 6 -0.1140  0.1856 -0.7149 -0.2062 -0.0944 -0.0250  0.6825
/home/nico/.pyenv/versions/3.12.6/lib/python3.12/site-packages/statsmodels/tsa/stattools.py:702: RuntimeWarning: invalid value encountered in divide
  acf = avf[: nlags + 1] / avf[0]
-------------------------------------------------------
     Estatísticas descritivas (ACF miss_distance)      
-------------------------------------------------------
         mean     std     min     25%     50%     75%     max
Lag 0  1.0000  0.0000  1.0000  1.0000  1.0000  1.0000  1.0000
Lag 1  0.2603  0.4582 -0.8363 -0.0940  0.3621  0.6701  0.9283
Lag 2  0.1558  0.3559 -0.7592 -0.1230  0.1621  0.4666  0.8075
Lag 3  0.1072  0.2884 -0.6523 -0.1123  0.1073  0.3483  0.7005
Lag 4  0.0106  0.2372 -0.5912 -0.1671 -0.0037  0.1952  0.5387
Lag 5 -0.0454  0.1924 -0.5865 -0.1827 -0.0459  0.0995  0.4127
Lag 6 -0.0716  0.1658 -0.5396 -0.1854 -0.0587  0.0493  0.4825
/home/nico/.pyenv/versions/3.12.6/lib/python3.12/site-packages/statsmodels/tsa/stattools.py:702: RuntimeWarning: invalid value encountered in divide
  acf = avf[: nlags + 1] / avf[0]
-------------------------------------------------------
  Estatísticas descritivas (ACF relative_position_n)   
-------------------------------------------------------
         mean     std     min     25%     50%     75%     max
Lag 0  1.0000  0.0000  1.0000  1.0000  1.0000  1.0000  1.0000
Lag 1  0.2736  0.4555 -0.8018 -0.0736  0.3777  0.6787  0.9232
Lag 2  0.1612  0.3584 -0.7591 -0.1213  0.1665  0.4777  0.8076
Lag 3  0.1113  0.2915 -0.6738 -0.1129  0.1141  0.3587  0.7005
Lag 4  0.0135  0.2395 -0.5900 -0.1680 -0.0012  0.2029  0.5386
Lag 5 -0.0435  0.1937 -0.5825 -0.1841 -0.0460  0.1054  0.4126
Lag 6 -0.0702  0.1652 -0.5447 -0.1839 -0.0565  0.0505  0.4834
/home/nico/.pyenv/versions/3.12.6/lib/python3.12/site-packages/statsmodels/tsa/stattools.py:702: RuntimeWarning: invalid value encountered in divide
  acf = avf[: nlags + 1] / avf[0]
-------------------------------------------------------
  Estatísticas descritivas (ACF c_cd_area_over_mass)   
-------------------------------------------------------
         mean     std     min     25%         50%     75%     max
Lag 0  1.0000  0.0000  1.0000  1.0000  1.0000e+00  1.0000  1.0000
Lag 1  0.4641  0.4250 -0.7972  0.2282  6.3363e-01  0.8000  0.9545
Lag 2  0.2916  0.3695 -0.6605 -0.0106  3.6113e-01  0.6186  0.9091
Lag 3  0.1816  0.3220 -0.7143 -0.0714  2.0638e-01  0.4648  0.8636
Lag 4  0.0900  0.2763 -0.5908 -0.1130  8.8346e-02  0.3209  0.8182
Lag 5  0.0125  0.2408 -0.6920 -0.1587 -3.5948e-06  0.1944  0.7727
Lag 6 -0.0456  0.2089 -0.6796 -0.1724 -3.9999e-02  0.0883  0.7273
/home/nico/.pyenv/versions/3.12.6/lib/python3.12/site-packages/statsmodels/tsa/stattools.py:702: RuntimeWarning: invalid value encountered in divide
  acf = avf[: nlags + 1] / avf[0]
-------------------------------------------------------
  Estatísticas descritivas (ACF c_cr_area_over_mass)   
-------------------------------------------------------
         mean     std     min     25%     50%     75%     max
Lag 0  1.0000  0.0000  1.0000  1.0000  1.0000  1.0000  1.0000
Lag 1  0.4617  0.3845 -0.7824  0.2540  0.5893  0.7567  0.9545
Lag 2  0.2514  0.3465 -0.6429 -0.0222  0.2912  0.5397  0.9091
Lag 3  0.1268  0.3051 -0.6400 -0.0984  0.0988  0.3667  0.8636
Lag 4  0.0387  0.2647 -0.6656 -0.1449 -0.0050  0.2214  0.8182
Lag 5 -0.0271  0.2338 -0.6808 -0.1785 -0.0451  0.1089  0.7727
Lag 6 -0.0734  0.2123 -0.6427 -0.2045 -0.0769  0.0293  0.7273
/home/nico/.pyenv/versions/3.12.6/lib/python3.12/site-packages/statsmodels/tsa/stattools.py:702: RuntimeWarning: invalid value encountered in divide
  acf = avf[: nlags + 1] / avf[0]
-------------------------------------------------------
         Estatísticas descritivas (ACF c_sedr)         
-------------------------------------------------------
         mean     std     min     25%     50%     75%     max
Lag 0  1.0000  0.0000  1.0000  1.0000  1.0000  1.0000  1.0000
Lag 1  0.4929  0.4126 -0.7919  0.2878  0.6600  0.8123  0.9545
Lag 2  0.3102  0.3714 -0.6556 -0.0074  0.4032  0.6361  0.9091
Lag 3  0.1886  0.3266 -0.6419 -0.0714  0.2251  0.4745  0.8636
Lag 4  0.0886  0.2820 -0.6978 -0.1212  0.0871  0.3258  0.8182
Lag 5  0.0072  0.2419 -0.6700 -0.1667 -0.0068  0.1939  0.7727
Lag 6 -0.0572  0.2125 -0.6538 -0.2002 -0.0542  0.0849  0.7273
/home/nico/.pyenv/versions/3.12.6/lib/python3.12/site-packages/statsmodels/tsa/stattools.py:702: RuntimeWarning: invalid value encountered in divide
  acf = avf[: nlags + 1] / avf[0]
-------------------------------------------------------
       Estatísticas descritivas (ACF c_obs_used)       
-------------------------------------------------------
         mean     std     min     25%     50%     75%     max
Lag 0  1.0000  0.0000  1.0000  1.0000  1.0000  1.0000  1.0000
Lag 1  0.4541  0.4096 -0.6824  0.2500  0.6139  0.7667  0.9273
Lag 2  0.2669  0.3455 -0.6667 -0.0111  0.3277  0.5666  0.8266
Lag 3  0.1379  0.2979 -0.6140 -0.0820  0.1550  0.3946  0.7551
Lag 4  0.0353  0.2453 -0.6536 -0.1415  0.0011  0.2398  0.5288
Lag 5 -0.0407  0.2036 -0.6039 -0.1833 -0.0441  0.1229  0.4257
Lag 6 -0.0943  0.1720 -0.6310 -0.2143 -0.0803  0.0278  0.5556
/home/nico/.pyenv/versions/3.12.6/lib/python3.12/site-packages/statsmodels/tsa/stattools.py:702: RuntimeWarning: invalid value encountered in divide
  acf = avf[: nlags + 1] / avf[0]
-------------------------------------------------------
       Estatísticas descritivas (ACF c_sigma_t)        
-------------------------------------------------------
         mean     std     min     25%     50%     75%     max
Lag 0  1.0000  0.0000  1.0000  1.0000  1.0000  1.0000  1.0000
Lag 1  0.4009  0.4600 -0.8060  0.0049  0.5706  0.8019  0.9545
Lag 2  0.2754  0.3857 -0.6741 -0.0383  0.3653  0.6356  0.9091
Lag 3  0.1970  0.3218 -0.6197 -0.0733  0.2742  0.4936  0.8636
Lag 4  0.1039  0.2715 -0.5949 -0.1065  0.1448  0.3547  0.8182
Lag 5  0.0330  0.2216 -0.5405 -0.1302  0.0601  0.2303  0.7727
Lag 6 -0.0243  0.1773 -0.5471 -0.1442  0.0034  0.1222  0.7273
==============================================================================================================
                                       Análise de Correlação com Risco                                        
==============================================================================================================
-------------------------------------------------------
              Correlação diária com risco              
-------------------------------------------------------
                     0 days 00:00:00  1 days 00:00:00  2 days 00:00:00  3 days 00:00:00  4 days 00:00:00  5 days 00:00:00  6 days 00:00:00  7 days 00:00:00
event_id                      0.0052           0.0096           0.0291           0.0147           0.0077           0.0021          -0.0034          -0.0126
c_time_lastob_end             0.4063           0.4093           0.3928           0.4047           0.3978           0.3694           0.2964           0.2099
c_time_lastob_start           0.4243           0.4213           0.3891           0.3875           0.3698           0.3317           0.2565           0.1808
miss_distance                -0.0810          -0.1512          -0.2031          -0.2102          -0.2251          -0.2145          -0.2099          -0.2098
relative_position_n          -0.0311          -0.0022          -0.0094           0.0040           0.0059           0.0148           0.0178           0.0350
c_cd_area_over_mass           0.0442           0.0907           0.1059           0.0994           0.0924           0.1065           0.1007           0.0722
c_cr_area_over_mass           0.0625           0.1015           0.1134           0.1215           0.1356           0.1256           0.1042           0.0845
c_sedr                        0.1182           0.1157           0.1160           0.0844           0.0459           0.0045          -0.0232          -0.0601
c_obs_used                   -0.0577          -0.0966          -0.1366          -0.2093          -0.2553          -0.2911          -0.3053          -0.3126
c_sigma_t                     0.2304           0.1805           0.1394           0.0908           0.0430           0.0078          -0.0234          -0.0395
-------------------------------------------------------
    Correlação com risco para os últimos 2 eventos     
-------------------------------------------------------
                         -1      -2
c_time_lastob_end    0.4035  0.3899
c_time_lastob_start  0.4086  0.3994
miss_distance        0.0071 -0.0394
relative_position_n -0.0090 -0.0085
c_cd_area_over_mass  0.1170  0.1208
c_cr_area_over_mass  0.1521  0.1541
c_sedr               0.1474  0.1631
c_obs_used          -0.1621 -0.1679
c_sigma_t            0.1388  0.1179
==============================================================================================================
                                                  Concluído                                                   
==============================================================================================================
