==============================================================================================================
                                                Iniciando EDA                                                 
==============================================================================================================
----> Configurando opções globais
----> Carregando dados
----> Dataset carregado com 162634 linhas e 103 colunas
----> Removendo colunas
----> Dataset final com 162634 linhas e 12 colunas
----> Ordenando por evento e time_to_tca
----> Atualizando index (event_id, time_to_tca)
==============================================================================================================
                                          Características do dataset                                          
==============================================================================================================
-------------------------------------------------------
                   Primeiras linhas                    
-------------------------------------------------------
                                       risk  c_time_lastob_end  c_time_lastob_start  miss_distance  relative_position_n  c_cd_area_over_mass  c_cr_area_over_mass  c_sedr  c_obs_used   c_sigma_t
event_id time_to_tca                                                                                                                                                                             
0        1 days 13:36:11.367000002 -10.2050                2.0                180.0        14923.0             -13666.8               0.3487               0.1266  0.0014        15.0  54366.8649
         1 days 04:58:47.438999996 -10.3558                2.0                180.0        14544.0             -13319.8               0.3487               0.1266  0.0014        15.0  54082.0673
         0 days 22:51:09.453000003 -10.3456                2.0                180.0        14475.0             -13256.1               0.3487               0.1266  0.0014        15.0  54027.3912
         0 days 13:54:43.432999997 -10.3378                2.0                180.0        14579.0             -13350.7               0.3487               0.1266  0.0014        15.0  54107.6058
         0 days 06:11:14.442000002 -10.3913                2.0                180.0        14510.0             -13288.0               0.3487               0.1266  0.0014        15.0  54063.6754
-------------------------------------------------------
                    Tipos de dados                     
-------------------------------------------------------
                        Tipo Classificação
risk                 float64      Contínua
c_time_lastob_end    float64      Contínua
c_time_lastob_start  float64      Contínua
miss_distance        float64      Contínua
relative_position_n  float64      Contínua
c_cd_area_over_mass  float64      Contínua
c_cr_area_over_mass  float64      Contínua
c_sedr               float64      Contínua
c_obs_used           float64      Contínua
c_sigma_t            float64      Contínua
-------------------------------------------------------
          Estatísticas descritivas (Dataset)           
-------------------------------------------------------
                           mean         std         min        25%         50%         75%         max
c_cd_area_over_mass  7.8430e-01  2.3417e+00   -128.1786     0.1774      0.4387      0.6928  1.4791e+02
c_cr_area_over_mass  3.4648e-01  9.6548e-01     -0.7121     0.0518      0.1813      0.3052  5.9155e+01
c_obs_used           5.9158e+01  8.4974e+01      3.0000    21.0000     30.0000     57.0000  2.2270e+03
c_sedr               2.9852e-03  1.4976e-02     -0.1073     0.0003      0.0007      0.0015  8.7615e-01
c_sigma_t            1.0718e+06  8.0844e+06      4.9763  1026.2560   3965.3134  13897.9861  7.6549e+07
c_time_lastob_end    5.8966e-01  8.2322e-01      0.0000     0.0000      0.0000      1.0000  2.0000e+00
c_time_lastob_start  4.0151e+01  7.3810e+01      1.0000     1.0000      1.0000      2.0000  1.8000e+02
miss_distance        1.6532e+04  1.4269e+04      9.0000  4683.0000  12439.0000  25281.0000  6.7373e+04
relative_position_n  9.5253e+01  1.6063e+04 -50995.5000 -6974.3250     38.9500   7434.6750  5.0997e+04
risk                -1.9341e+01  1.0012e+01    -30.0000   -30.0000    -17.8706     -9.1733 -1.4429e+00
==============================================================================================================
                                             Qualidade dos dados                                              
==============================================================================================================
-------------------------------------------------------
                     Valores nulos                     
-------------------------------------------------------
                     Qtd. Nulos
risk                          0
c_time_lastob_end            11
c_time_lastob_start          11
miss_distance                 0
relative_position_n           0
c_cd_area_over_mass           0
c_cr_area_over_mass           0
c_sedr                        0
c_obs_used                   11
c_sigma_t                    11
-------------------------------------------------------
                   Valores infinitos                   
-------------------------------------------------------
                     Infinitos (+)  Infinitos (-)
risk                             0              0
c_time_lastob_end                0              0
c_time_lastob_start              0              0
miss_distance                    0              0
relative_position_n              0              0
c_cd_area_over_mass              0              0
c_cr_area_over_mass              0              0
c_sedr                           0              0
c_obs_used                       0              0
c_sigma_t                        0              0
==============================================================================================================
                                         Características dos eventos                                          
==============================================================================================================
-------------------------------------------------------
                 Quantidade de eventos                 
-------------------------------------------------------
Total de eventos: 13154
-------------------------------------------------------
  Quantidade de observações por quantidade de eventos  
-------------------------------------------------------
                  Qtd. Eventos        %
Qtd. Observações                       
23                           3   0.0228
22                         192   1.4596
21                        2810  21.3623
20                        1551  11.7911
19                         494   3.7555
18                         245   1.8626
17                         215   1.6345
16                         248   1.8854
15                         271   2.0602
14                         277   2.1058
13                         281   2.1362
12                         299   2.2731
11                         291   2.2123
10                         319   2.4251
9                          376   2.8584
8                          321   2.4403
7                          588   4.4701
6                          619   4.7058
5                          596   4.5309
4                          729   5.5420
3                         1006   7.6479
2                         1198   9.1075
1                          225   1.7105
-------------------------------------------------------
Estatísticas descritivas (Quantidade de observações por evento)
-------------------------------------------------------
                     mean     std  min  25%   50%   75%   max
Qtd. Observações  12.3638  7.5126  1.0  5.0  13.0  20.0  23.0
==============================================================================================================
                                           Características do risco                                           
==============================================================================================================
-------------------------------------------------------
      Quantidade de eventos de alto e baixo risco      
-------------------------------------------------------
                Alto Risco     % A.  Baixo Risco     % B.
Primeira obs.         1344  10.3952        11585  89.6048
Penúltima obs.         447   3.4573        12482  96.5427
Última obs.            355   2.7458        12574  97.2542
-------------------------------------------------------
    Distribuição do Último Risco por Faixa de Tempo    
-------------------------------------------------------
                                    Alto Risco  Baixo Risco
time_to_tca                                                
[0 days 00:00:00, 1 days 00:00:00)         100         8972
[1 days 00:00:00, 2 days 00:00:00)          30          611
[2 days 00:00:00, 3 days 00:00:00)          36          513
[3 days 00:00:00, 4 days 00:00:00)          49          623
[4 days 00:00:00, 5 days 00:00:00)          54          731
[5 days 00:00:00, 6 days 00:00:00)          50          653
[6 days 00:00:00, 7 days 00:00:00)          41          300
-------------------------------------------------------
  Distribuição do Penúltimo Risco por Faixa de Tempo   
-------------------------------------------------------
                                    Alto Risco  Baixo Risco
time_to_tca                                                
[0 days 00:00:00, 1 days 00:00:00)         107         8278
[1 days 00:00:00, 2 days 00:00:00)          51          898
[2 days 00:00:00, 3 days 00:00:00)          35          582
[3 days 00:00:00, 4 days 00:00:00)          49          577
[4 days 00:00:00, 5 days 00:00:00)          59          668
[5 days 00:00:00, 6 days 00:00:00)          60          773
[6 days 00:00:00, 7 days 00:00:00)          86          706
-------------------------------------------------------
            Contagem de Oscilações por Dia             
-------------------------------------------------------
date                     0 days  1 days  2 days  3 days  4 days  5 days  6 days  7 days
Low → High → Low              8      13      13      16       5       0       0       0
High → Low → High             1       1       4       5       2       0       0       0
Low → High                    9      19      53      75     107     111     110       0
High → Low                   68     157     201     260     256     247     245       0
Última transição High         9       8      19      10      20      14      21       0
Última transição Low         68     156     198     253     243     230     220       0
Primeira transição High       6      14      45      58      87      98     110       0
Primeira transição Low       41      89     128     172     179     197     245       0
Total High                   94     165     299     433     613     759     879     890
Total Low                  8824    9134    8806    8499    8302    8016    7842    6407
==============================================================================================================
                                           Características do tempo                                           
==============================================================================================================
-------------------------------------------------------
Estatísticas descritivas (Diferenças de tempo média entre observações)
-------------------------------------------------------
                 Valor
mean -1 days +15:00:00
std    0 days 07:00:00
min  -7 days +02:00:00
25%  -1 days +15:00:00
50%  -1 days +16:00:00
75%  -1 days +17:00:00
max    0 days 00:00:00
-------------------------------------------------------
Estatísticas descritivas (Primeiro time_to_tca por evento)
-------------------------------------------------------
               Valor
mean 5 days 14:00:00
std  1 days 19:00:00
min  0 days 05:00:00
25%  4 days 19:00:00
50%  6 days 15:00:00
75%  6 days 19:00:00
max  7 days 00:00:00
-------------------------------------------------------
Estatísticas descritivas (Penúltimo time_to_tca por evento)
-------------------------------------------------------
               Valor
mean 1 days 17:00:00
std  2 days 00:00:00
min  0 days 00:00:00
25%  0 days 11:00:00
50%  0 days 14:00:00
75%  2 days 15:00:00
max  7 days 00:00:00
-------------------------------------------------------
Estatísticas descritivas (Último time_to_tca por evento)
-------------------------------------------------------
                 Valor
mean   1 days 06:00:00
std    1 days 21:00:00
min  -1 days +20:00:00
25%    0 days 03:00:00
50%    0 days 06:00:00
75%    1 days 16:00:00
max    6 days 18:00:00
-------------------------------------------------------
Estatísticas descritivas (Diferença entre último e primeiro time_to_tca por evento)
-------------------------------------------------------
                 Valor
mean -5 days +15:00:00
std    2 days 08:00:00
min  -7 days +00:00:00
25%  -7 days +09:00:00
50%  -6 days +22:00:00
75%  -2 days +00:00:00
max    0 days 00:00:00
-------------------------------------------------------
Estatísticas descritivas (Diferença entre último e penúltimo time_to_tca por evento)
-------------------------------------------------------
                 Valor
mean -1 days +12:00:00
std    0 days 14:00:00
min  -7 days +02:00:00
25%  -1 days +14:00:00
50%  -1 days +16:00:00
75%  -1 days +17:00:00
max    0 days 00:00:00
-------------------------------------------------------
Estatísticas descritivas (Diferença entre penúltimo e primeiro time_to_tca por evento)
-------------------------------------------------------
                 Valor
mean -4 days +03:00:00
std    2 days 10:00:00
min  -7 days +05:00:00
25%  -7 days +17:00:00
50%  -5 days +09:00:00
75%  -2 days +15:00:00
max    0 days 00:00:00
==============================================================================================================
                                  Distribuição de Eventos por Faixa de Tempo                                  
==============================================================================================================
                                    Primeira observação  Penúltima observação  Última observação
(0 days 00:00:00, 1 days 00:00:00]                  366                  8385               8884
(1 days 00:00:00, 2 days 00:00:00]                  639                   949                633
(2 days 00:00:00, 3 days 00:00:00]                  664                   617                544
(3 days 00:00:00, 4 days 00:00:00]                  786                   626                666
(4 days 00:00:00, 5 days 00:00:00]                  992                   727                780
(5 days 00:00:00, 6 days 00:00:00]                 1056                   833                701
(6 days 00:00:00, 7 days 00:00:00]                 8426                   792                341
(7 days 00:00:00, 8 days 00:00:00]                    0                     0                  0
==============================================================================================================
                                              Valores Constantes                                              
==============================================================================================================
-------------------------------------------------------
             Valores constantes por evento             
-------------------------------------------------------
                     Qtd. Constantes
risk                          141879
c_time_lastob_end             160002
c_time_lastob_start           155064
miss_distance                   1673
relative_position_n             3425
c_cd_area_over_mass           159959
c_cr_area_over_mass           159999
c_sedr                        160013
c_obs_used                    122808
c_sigma_t                       8032
==============================================================================================================
                                                   Outliers                                                   
==============================================================================================================
-------------------------------------------------------
                  Outliers por evento                  
-------------------------------------------------------
                     Qtd. Outliers
risk                          1624
c_time_lastob_end             3932
c_time_lastob_start           4869
miss_distance                 1626
relative_position_n           1557
c_cd_area_over_mass           1116
c_cr_area_over_mass           1437
c_sedr                         811
c_obs_used                    1500
c_sigma_t                      933
==============================================================================================================
                                                 ACF por Lag                                                  
==============================================================================================================
/home/nico/.pyenv/versions/3.12.6/lib/python3.12/site-packages/statsmodels/tsa/stattools.py:702: RuntimeWarning: invalid value encountered in divide
  acf = avf[: nlags + 1] / avf[0]
-------------------------------------------------------
          Estatísticas descritivas (ACF risk)          
-------------------------------------------------------
         mean     std     min     25%     50%     75%     max
Lag 0  1.0000  0.0000  1.0000  1.0000  1.0000  1.0000  1.0000
Lag 1  0.3758  0.4648 -0.7979 -0.0238  0.5179  0.7912  0.9545
Lag 2  0.2471  0.3815 -0.6791 -0.0614  0.2867  0.6178  0.9091
Lag 3  0.1620  0.3137 -0.6532 -0.0811  0.1643  0.4544  0.8636
Lag 4  0.0703  0.2549 -0.6000 -0.1079  0.0311  0.3040  0.8182
Lag 5  0.0003  0.1995 -0.6584 -0.1271 -0.0227  0.1653  0.7727
Lag 6 -0.0570  0.1571 -0.6355 -0.1429 -0.0536  0.0528  0.7273
/home/nico/.pyenv/versions/3.12.6/lib/python3.12/site-packages/statsmodels/tsa/stattools.py:702: RuntimeWarning: invalid value encountered in divide
  acf = avf[: nlags + 1] / avf[0]
-------------------------------------------------------
   Estatísticas descritivas (ACF c_time_lastob_end)    
-------------------------------------------------------
         mean     std     min     25%     50%     75%     max
Lag 0  1.0000  0.0000  1.0000  1.0000  1.0000  1.0000  1.0000
Lag 1  0.3593  0.3474 -0.8000  0.1143  0.4429  0.6372  0.8899
Lag 2  0.0901  0.3007 -0.7143 -0.1310  0.0319  0.3325  0.7778
Lag 3 -0.0370  0.2596 -0.8571 -0.2238 -0.0616  0.1429  0.6667
Lag 4 -0.0656  0.2003 -0.6229 -0.2000 -0.0778  0.0499  0.5327
Lag 5 -0.0958  0.1858 -0.5992 -0.2206 -0.0952  0.0050  0.5238
Lag 6 -0.1145  0.2012 -0.6639 -0.2500 -0.1049 -0.0127  0.7130
/home/nico/.pyenv/versions/3.12.6/lib/python3.12/site-packages/statsmodels/tsa/stattools.py:702: RuntimeWarning: invalid value encountered in divide
  acf = avf[: nlags + 1] / avf[0]
-------------------------------------------------------
  Estatísticas descritivas (ACF c_time_lastob_start)   
-------------------------------------------------------
         mean     std     min     25%     50%     75%     max
Lag 0  1.0000  0.0000  1.0000  1.0000  1.0000  1.0000  1.0000
Lag 1  0.3515  0.3693 -0.8000 -0.0091  0.4424  0.6583  0.8631
Lag 2  0.0989  0.3158 -0.7152 -0.1222 -0.0064  0.3612  0.7256
Lag 3 -0.0247  0.2643 -0.8571 -0.1969 -0.0605  0.1507  0.5881
Lag 4 -0.0574  0.1948 -0.6186 -0.1922 -0.0680  0.0015  0.5327
Lag 5 -0.0894  0.1755 -0.7497 -0.1875 -0.0820 -0.0137  0.5238
Lag 6 -0.1138  0.1869 -0.7154 -0.2071 -0.0917 -0.0247  0.7130
/home/nico/.pyenv/versions/3.12.6/lib/python3.12/site-packages/statsmodels/tsa/stattools.py:702: RuntimeWarning: invalid value encountered in divide
  acf = avf[: nlags + 1] / avf[0]
-------------------------------------------------------
     Estatísticas descritivas (ACF miss_distance)      
-------------------------------------------------------
         mean     std     min     25%     50%     75%     max
Lag 0  1.0000  0.0000  1.0000  1.0000  1.0000  1.0000  1.0000
Lag 1  0.2624  0.4585 -0.8363 -0.0913  0.3661  0.6720  0.9283
Lag 2  0.1579  0.3544 -0.7592 -0.1192  0.1637  0.4671  0.8075
Lag 3  0.1076  0.2869 -0.6523 -0.1107  0.1073  0.3473  0.7005
Lag 4  0.0104  0.2365 -0.6049 -0.1664 -0.0035  0.1933  0.5387
Lag 5 -0.0465  0.1922 -0.5865 -0.1837 -0.0462  0.0979  0.4127
Lag 6 -0.0726  0.1659 -0.5503 -0.1857 -0.0603  0.0482  0.4825
/home/nico/.pyenv/versions/3.12.6/lib/python3.12/site-packages/statsmodels/tsa/stattools.py:702: RuntimeWarning: invalid value encountered in divide
  acf = avf[: nlags + 1] / avf[0]
-------------------------------------------------------
  Estatísticas descritivas (ACF relative_position_n)   
-------------------------------------------------------
         mean     std     min     25%     50%     75%     max
Lag 0  1.0000  0.0000  1.0000  1.0000  1.0000  1.0000  1.0000
Lag 1  0.2749  0.4555 -0.8129 -0.0702  0.3792  0.6808  0.9232
Lag 2  0.1629  0.3569 -0.7591 -0.1164  0.1670  0.4775  0.8076
Lag 3  0.1120  0.2894 -0.6738 -0.1113  0.1141  0.3575  0.7005
Lag 4  0.0131  0.2387 -0.5900 -0.1672 -0.0010  0.2012  0.5386
Lag 5 -0.0446  0.1936 -0.5825 -0.1848 -0.0461  0.1025  0.4126
Lag 6 -0.0714  0.1655 -0.5504 -0.1845 -0.0586  0.0492  0.4834
/home/nico/.pyenv/versions/3.12.6/lib/python3.12/site-packages/statsmodels/tsa/stattools.py:702: RuntimeWarning: invalid value encountered in divide
  acf = avf[: nlags + 1] / avf[0]
-------------------------------------------------------
  Estatísticas descritivas (ACF c_cd_area_over_mass)   
-------------------------------------------------------
         mean     std     min     25%     50%     75%     max
Lag 0  1.0000  0.0000  1.0000  1.0000  1.0000  1.0000  1.0000
Lag 1  0.4657  0.4238 -0.7972  0.2315  0.6363  0.8000  0.9545
Lag 2  0.2930  0.3681 -0.6605 -0.0100  0.3623  0.6184  0.9091
Lag 3  0.1823  0.3210 -0.7143 -0.0707  0.2079  0.4639  0.8636
Lag 4  0.0898  0.2760 -0.5908 -0.1111  0.0889  0.3204  0.8182
Lag 5  0.0123  0.2402 -0.6920 -0.1587 -0.0006  0.1941  0.7727
Lag 6 -0.0453  0.2089 -0.6796 -0.1756 -0.0401  0.0894  0.7273
/home/nico/.pyenv/versions/3.12.6/lib/python3.12/site-packages/statsmodels/tsa/stattools.py:702: RuntimeWarning: invalid value encountered in divide
  acf = avf[: nlags + 1] / avf[0]
-------------------------------------------------------
  Estatísticas descritivas (ACF c_cr_area_over_mass)   
-------------------------------------------------------
         mean     std     min     25%     50%     75%     max
Lag 0  1.0000  0.0000  1.0000  1.0000  1.0000  1.0000  1.0000
Lag 1  0.4645  0.3842 -0.7824  0.2536  0.5948  0.7603  0.9545
Lag 2  0.2547  0.3472 -0.6429 -0.0207  0.2935  0.5465  0.9091
Lag 3  0.1297  0.3051 -0.6400 -0.0954  0.1028  0.3697  0.8636
Lag 4  0.0416  0.2646 -0.7094 -0.1415 -0.0025  0.2244  0.8182
Lag 5 -0.0257  0.2344 -0.6808 -0.1772 -0.0442  0.1103  0.7727
Lag 6 -0.0728  0.2131 -0.7162 -0.2045 -0.0769  0.0290  0.7273
/home/nico/.pyenv/versions/3.12.6/lib/python3.12/site-packages/statsmodels/tsa/stattools.py:702: RuntimeWarning: invalid value encountered in divide
  acf = avf[: nlags + 1] / avf[0]
-------------------------------------------------------
         Estatísticas descritivas (ACF c_sedr)         
-------------------------------------------------------
         mean     std     min     25%     50%     75%     max
Lag 0  1.0000  0.0000  1.0000  1.0000  1.0000  1.0000  1.0000
Lag 1  0.4972  0.4103 -0.7919  0.2969  0.6632  0.8126  0.9545
Lag 2  0.3131  0.3709 -0.6556 -0.0048  0.4092  0.6353  0.9091
Lag 3  0.1903  0.3264 -0.6616 -0.0692  0.2282  0.4742  0.8636
Lag 4  0.0896  0.2824 -0.6978 -0.1222  0.0913  0.3267  0.8182
Lag 5  0.0085  0.2420 -0.6700 -0.1667 -0.0060  0.1947  0.7727
Lag 6 -0.0559  0.2135 -0.6538 -0.2000 -0.0527  0.0862  0.7273
/home/nico/.pyenv/versions/3.12.6/lib/python3.12/site-packages/statsmodels/tsa/stattools.py:702: RuntimeWarning: invalid value encountered in divide
  acf = avf[: nlags + 1] / avf[0]
-------------------------------------------------------
       Estatísticas descritivas (ACF c_obs_used)       
-------------------------------------------------------
         mean     std     min     25%     50%     75%     max
Lag 0  1.0000  0.0000  1.0000  1.0000  1.0000  1.0000  1.0000
Lag 1  0.4584  0.4074 -0.7500  0.2500  0.6189  0.7690  0.9273
Lag 2  0.2693  0.3456 -0.6667 -0.0110  0.3316  0.5683  0.8266
Lag 3  0.1386  0.2993 -0.6264 -0.0833  0.1576  0.3975  0.7551
Lag 4  0.0368  0.2457 -0.6536 -0.1414  0.0037  0.2439  0.5357
Lag 5 -0.0395  0.2033 -0.6039 -0.1815 -0.0445  0.1260  0.4257
Lag 6 -0.0944  0.1730 -0.6310 -0.2143 -0.0818  0.0300  0.5556
/home/nico/.pyenv/versions/3.12.6/lib/python3.12/site-packages/statsmodels/tsa/stattools.py:702: RuntimeWarning: invalid value encountered in divide
  acf = avf[: nlags + 1] / avf[0]
-------------------------------------------------------
       Estatísticas descritivas (ACF c_sigma_t)        
-------------------------------------------------------
         mean     std     min     25%     50%     75%     max
Lag 0  1.0000  0.0000  1.0000  1.0000  1.0000  1.0000  1.0000
Lag 1  0.4039  0.4590 -0.8069  0.0150  0.5783  0.8020  0.9545
Lag 2  0.2777  0.3845 -0.6741 -0.0357  0.3719  0.6352  0.9091
Lag 3  0.1969  0.3219 -0.6197 -0.0734  0.2723  0.4928  0.8636
Lag 4  0.1048  0.2714 -0.5949 -0.1053  0.1454  0.3545  0.8182
Lag 5  0.0340  0.2217 -0.5405 -0.1290  0.0601  0.2304  0.7727
Lag 6 -0.0234  0.1780 -0.5471 -0.1429  0.0036  0.1225  0.7273
==============================================================================================================
                                       Análise de Correlação com Risco                                        
==============================================================================================================
-------------------------------------------------------
              Correlação diária com risco              
-------------------------------------------------------
                     0 days 00:00:00  1 days 00:00:00  2 days 00:00:00  3 days 00:00:00  4 days 00:00:00  5 days 00:00:00  6 days 00:00:00  7 days 00:00:00
event_id                      0.0016           0.0090           0.0243           0.0129           0.0100           0.0078           0.0015          -0.0116
c_time_lastob_end             0.4080           0.4053           0.3942           0.4067           0.3991           0.3716           0.2988           0.2105
c_time_lastob_start           0.4322           0.4212           0.3957           0.3915           0.3728           0.3335           0.2572           0.1778
miss_distance                -0.0905          -0.1513          -0.2002          -0.2094          -0.2186          -0.2119          -0.2028          -0.1978
relative_position_n          -0.0297          -0.0024          -0.0040           0.0060           0.0017           0.0113           0.0155           0.0281
c_cd_area_over_mass           0.0510           0.0882           0.1037           0.1040           0.0978           0.1091           0.1024           0.0767
c_cr_area_over_mass           0.0644           0.0970           0.1112           0.1234           0.1359           0.1283           0.1076           0.0879
c_sedr                        0.1058           0.1110           0.1046           0.0870           0.0451           0.0049          -0.0159          -0.0405
c_obs_used                   -0.0588          -0.0917          -0.1342          -0.2069          -0.2561          -0.2974          -0.3066          -0.3190
c_sigma_t                     0.2399           0.1918           0.1451           0.0937           0.0448           0.0077          -0.0250          -0.0406
-------------------------------------------------------
    Correlação com risco para os últimos 2 eventos     
-------------------------------------------------------
                         -1      -2
c_time_lastob_end    0.4078  0.3923
c_time_lastob_start  0.4164  0.4036
miss_distance        0.0037 -0.0324
relative_position_n -0.0150 -0.0084
c_cd_area_over_mass  0.1239  0.1247
c_cr_area_over_mass  0.1557  0.1563
c_sedr               0.1425  0.1527
c_obs_used          -0.1670 -0.1653
c_sigma_t            0.1410  0.1220
==============================================================================================================
                                                  Concluído                                                   
==============================================================================================================
